<?xml version="1.0" encoding="UTF-8"?>
<!-- Generated by org.testng.reporters.JUnitReportReporter -->
<testsuite hostname="VILAS-PATIL" failures="0" tests="1" name="com.qa.testcase.TestCase" time="29.143" errors="0" timestamp="2022-08-03T23:10:54 IST" skipped="0">
  <testcase classname="com.qa.testcase.TestCase" name="LoginPage" time="29.143"/>
  <system-out/>
</testsuite> <!-- com.qa.testcase.TestCase -->
