<?xml version="1.0" encoding="UTF-8"?>
<!-- Generated by org.testng.reporters.JUnitReportReporter -->
<testsuite hostname="VILAS-PATIL" failures="0" tests="4" name="com.qa.TestLayer.TestRunner" time="42.043" errors="0" timestamp="2022-09-06T14:45:48 IST" skipped="0">
  <testcase classname="com.qa.TestLayer.TestRunner" name="test" time="8.767"/>
  <system-out/>
  <testcase classname="com.qa.TestLayer.TestRunner" name="test" time="12.762"/>
  <system-out/>
  <testcase classname="com.qa.TestLayer.TestRunner" name="test" time="7.363"/>
  <system-out/>
  <testcase classname="com.qa.TestLayer.TestRunner" name="test" time="13.151"/>
  <system-out/>
</testsuite> <!-- com.qa.TestLayer.TestRunner -->
